This is pdfTeX, Version 3.141592653-2.6-1.40.27 (TeX Live 2025) (preloaded format=pdflatex 2025.9.16)  21 OCT 2025 22:46
entering extended mode
 restricted \write18 enabled.
 %&-line parsing enabled.
**section.tex
(./section.tex
LaTeX2e <2024-11-01> patch level 2
L3 programming layer <2025-01-18>
(/usr/local/texlive/2025/texmf-dist/tex/latex/base/article.cls
Document Class: article 2024/06/29 v1.4n Standard LaTeX document class
(/usr/local/texlive/2025/texmf-dist/tex/latex/base/size11.clo
File: size11.clo 2024/06/29 v1.4n Standard LaTeX file (size option)
)
\c@part=\count196
\c@section=\count197
\c@subsection=\count198
\c@subsubsection=\count199
\c@paragraph=\count266
\c@subparagraph=\count267
\c@figure=\count268
\c@table=\count269
\abovecaptionskip=\skip49
\belowcaptionskip=\skip50
\bibindent=\dimen141
)
(/usr/local/texlive/2025/texmf-dist/tex/latex/base/inputenc.sty
Package: inputenc 2024/02/08 v1.3d Input encoding file
\inpenc@prehook=\toks17
\inpenc@posthook=\toks18
)
(/usr/local/texlive/2025/texmf-dist/tex/latex/base/fontenc.sty
Package: fontenc 2021/04/29 v2.0v Standard LaTeX package
)
(/usr/local/texlive/2025/texmf-dist/tex/latex/amsmath/amsmath.sty
Package: amsmath 2024/11/05 v2.17t AMS math features
\@mathmargin=\skip51

For additional information on amsmath, use the `?' option.
(/usr/local/texlive/2025/texmf-dist/tex/latex/amsmath/amstext.sty
Package: amstext 2021/08/26 v2.01 AMS text

(/usr/local/texlive/2025/texmf-dist/tex/latex/amsmath/amsgen.sty
File: amsgen.sty 1999/11/30 v2.0 generic functions
\@emptytoks=\toks19
\ex@=\dimen142
))
(/usr/local/texlive/2025/texmf-dist/tex/latex/amsmath/amsbsy.sty
Package: amsbsy 1999/11/29 v1.2d Bold Symbols
\pmbraise@=\dimen143
)
(/usr/local/texlive/2025/texmf-dist/tex/latex/amsmath/amsopn.sty
Package: amsopn 2022/04/08 v2.04 operator names
)
\inf@bad=\count270
LaTeX Info: Redefining \frac on input line 233.
\uproot@=\count271
\leftroot@=\count272
LaTeX Info: Redefining \overline on input line 398.
LaTeX Info: Redefining \colon on input line 409.
\classnum@=\count273
\DOTSCASE@=\count274
LaTeX Info: Redefining \ldots on input line 495.
LaTeX Info: Redefining \dots on input line 498.
LaTeX Info: Redefining \cdots on input line 619.
\Mathstrutbox@=\box52
\strutbox@=\box53
LaTeX Info: Redefining \big on input line 721.
LaTeX Info: Redefining \Big on input line 722.
LaTeX Info: Redefining \bigg on input line 723.
LaTeX Info: Redefining \Bigg on input line 724.
\big@size=\dimen144
LaTeX Font Info:    Redeclaring font encoding OML on input line 742.
LaTeX Font Info:    Redeclaring font encoding OMS on input line 743.
\macc@depth=\count275
LaTeX Info: Redefining \bmod on input line 904.
LaTeX Info: Redefining \pmod on input line 909.
LaTeX Info: Redefining \smash on input line 939.
LaTeX Info: Redefining \relbar on input line 969.
LaTeX Info: Redefining \Relbar on input line 970.
\c@MaxMatrixCols=\count276
\dotsspace@=\muskip17
\c@parentequation=\count277
\dspbrk@lvl=\count278
\tag@help=\toks20
\row@=\count279
\column@=\count280
\maxfields@=\count281
\andhelp@=\toks21
\eqnshift@=\dimen145
\alignsep@=\dimen146
\tagshift@=\dimen147
\tagwidth@=\dimen148
\totwidth@=\dimen149
\lineht@=\dimen150
\@envbody=\toks22
\multlinegap=\skip52
\multlinetaggap=\skip53
\mathdisplay@stack=\toks23
LaTeX Info: Redefining \[ on input line 2953.
LaTeX Info: Redefining \] on input line 2954.
)
(/usr/local/texlive/2025/texmf-dist/tex/latex/amsfonts/amssymb.sty
Package: amssymb 2013/01/14 v3.01 AMS font symbols

(/usr/local/texlive/2025/texmf-dist/tex/latex/amsfonts/amsfonts.sty
Package: amsfonts 2013/01/14 v3.01 Basic AMSFonts support
\symAMSa=\mathgroup4
\symAMSb=\mathgroup5
LaTeX Font Info:    Redeclaring math symbol \hbar on input line 98.
LaTeX Font Info:    Overwriting math alphabet `\mathfrak' in version `bold'
(Font)                  U/euf/m/n --> U/euf/b/n on input line 106.
))
(/usr/local/texlive/2025/texmf-dist/tex/latex/amscls/amsthm.sty
Package: amsthm 2020/05/29 v2.20.6
\thm@style=\toks24
\thm@bodyfont=\toks25
\thm@headfont=\toks26
\thm@notefont=\toks27
\thm@headpunct=\toks28
\thm@preskip=\skip54
\thm@postskip=\skip55
\thm@headsep=\skip56
\dth@everypar=\toks29
)
(/usr/local/texlive/2025/texmf-dist/tex/latex/graphics/graphicx.sty
Package: graphicx 2021/09/16 v1.2d Enhanced LaTeX Graphics (DPC,SPQR)

(/usr/local/texlive/2025/texmf-dist/tex/latex/graphics/keyval.sty
Package: keyval 2022/05/29 v1.15 key=value parser (DPC)
\KV@toks@=\toks30
)
(/usr/local/texlive/2025/texmf-dist/tex/latex/graphics/graphics.sty
Package: graphics 2024/08/06 v1.4g Standard LaTeX Graphics (DPC,SPQR)

(/usr/local/texlive/2025/texmf-dist/tex/latex/graphics/trig.sty
Package: trig 2023/12/02 v1.11 sin cos tan (DPC)
)
(/usr/local/texlive/2025/texmf-dist/tex/latex/graphics-cfg/graphics.cfg
File: graphics.cfg 2016/06/04 v1.11 sample graphics configuration
)
Package graphics Info: Driver file: pdftex.def on input line 106.

(/usr/local/texlive/2025/texmf-dist/tex/latex/graphics-def/pdftex.def
File: pdftex.def 2024/04/13 v1.2c Graphics/color driver for pdftex
))
\Gin@req@height=\dimen151
\Gin@req@width=\dimen152
)
(/usr/local/texlive/2025/texmf-dist/tex/latex/booktabs/booktabs.sty
Package: booktabs 2020/01/12 v1.61803398 Publication quality tables
\heavyrulewidth=\dimen153
\lightrulewidth=\dimen154
\cmidrulewidth=\dimen155
\belowrulesep=\dimen156
\belowbottomsep=\dimen157
\aboverulesep=\dimen158
\abovetopsep=\dimen159
\cmidrulesep=\dimen160
\cmidrulekern=\dimen161
\defaultaddspace=\dimen162
\@cmidla=\count282
\@cmidlb=\count283
\@aboverulesep=\dimen163
\@belowrulesep=\dimen164
\@thisruleclass=\count284
\@lastruleclass=\count285
\@thisrulewidth=\dimen165
)
(/usr/local/texlive/2025/texmf-dist/tex/latex/multirow/multirow.sty
Package: multirow 2024/11/12 v2.9 Span multiple rows of a table
\multirow@colwidth=\skip57
\multirow@cntb=\count286
\multirow@dima=\skip58
\bigstrutjot=\dimen166
)
(/usr/local/texlive/2025/texmf-dist/tex/latex/hyperref/hyperref.sty
Package: hyperref 2024-11-05 v7.01l Hypertext links for LaTeX

(/usr/local/texlive/2025/texmf-dist/tex/generic/iftex/iftex.sty
Package: iftex 2024/12/12 v1.0g TeX engine tests
)
(/usr/local/texlive/2025/texmf-dist/tex/latex/kvsetkeys/kvsetkeys.sty
Package: kvsetkeys 2022-10-05 v1.19 Key value parser (HO)
)
(/usr/local/texlive/2025/texmf-dist/tex/generic/kvdefinekeys/kvdefinekeys.sty
Package: kvdefinekeys 2019-12-19 v1.6 Define keys (HO)
)
(/usr/local/texlive/2025/texmf-dist/tex/generic/pdfescape/pdfescape.sty
Package: pdfescape 2019/12/09 v1.15 Implements pdfTeX's escape features (HO)

(/usr/local/texlive/2025/texmf-dist/tex/generic/ltxcmds/ltxcmds.sty
Package: ltxcmds 2023-12-04 v1.26 LaTeX kernel commands for general use (HO)
)
(/usr/local/texlive/2025/texmf-dist/tex/generic/pdftexcmds/pdftexcmds.sty
Package: pdftexcmds 2020-06-27 v0.33 Utility functions of pdfTeX for LuaTeX (HO
)

(/usr/local/texlive/2025/texmf-dist/tex/generic/infwarerr/infwarerr.sty
Package: infwarerr 2019/12/03 v1.5 Providing info/warning/error messages (HO)
)
Package pdftexcmds Info: \pdf@primitive is available.
Package pdftexcmds Info: \pdf@ifprimitive is available.
Package pdftexcmds Info: \pdfdraftmode found.
))
(/usr/local/texlive/2025/texmf-dist/tex/latex/hycolor/hycolor.sty
Package: hycolor 2020-01-27 v1.10 Color options for hyperref/bookmark (HO)
)
(/usr/local/texlive/2025/texmf-dist/tex/latex/hyperref/nameref.sty
Package: nameref 2023-11-26 v2.56 Cross-referencing by name of section

(/usr/local/texlive/2025/texmf-dist/tex/latex/refcount/refcount.sty
Package: refcount 2019/12/15 v3.6 Data extraction from label references (HO)
)
(/usr/local/texlive/2025/texmf-dist/tex/generic/gettitlestring/gettitlestring.s
ty
Package: gettitlestring 2019/12/15 v1.6 Cleanup title references (HO)
 (/usr/local/texlive/2025/texmf-dist/tex/latex/kvoptions/kvoptions.sty
Package: kvoptions 2022-06-15 v3.15 Key value format for package options (HO)
))
\c@section@level=\count287
)
(/usr/local/texlive/2025/texmf-dist/tex/latex/etoolbox/etoolbox.sty
Package: etoolbox 2025/02/11 v2.5l e-TeX tools for LaTeX (JAW)
\etb@tempcnta=\count288
)
(/usr/local/texlive/2025/texmf-dist/tex/generic/stringenc/stringenc.sty
Package: stringenc 2019/11/29 v1.12 Convert strings between diff. encodings (HO
)
)
\@linkdim=\dimen167
\Hy@linkcounter=\count289
\Hy@pagecounter=\count290

(/usr/local/texlive/2025/texmf-dist/tex/latex/hyperref/pd1enc.def
File: pd1enc.def 2024-11-05 v7.01l Hyperref: PDFDocEncoding definition (HO)
Now handling font encoding PD1 ...
... no UTF-8 mapping file for font encoding PD1
)
(/usr/local/texlive/2025/texmf-dist/tex/generic/intcalc/intcalc.sty
Package: intcalc 2019/12/15 v1.3 Expandable calculations with integers (HO)
)
\Hy@SavedSpaceFactor=\count291

(/usr/local/texlive/2025/texmf-dist/tex/latex/hyperref/puenc.def
File: puenc.def 2024-11-05 v7.01l Hyperref: PDF Unicode definition (HO)
Now handling font encoding PU ...
... no UTF-8 mapping file for font encoding PU
)
Package hyperref Info: Hyper figures OFF on input line 4157.
Package hyperref Info: Link nesting OFF on input line 4162.
Package hyperref Info: Hyper index ON on input line 4165.
Package hyperref Info: Plain pages OFF on input line 4172.
Package hyperref Info: Backreferencing OFF on input line 4177.
Package hyperref Info: Implicit mode ON; LaTeX internals redefined.
Package hyperref Info: Bookmarks ON on input line 4424.
\c@Hy@tempcnt=\count292

(/usr/local/texlive/2025/texmf-dist/tex/latex/url/url.sty
\Urlmuskip=\muskip18
Package: url 2013/09/16  ver 3.4  Verb mode for urls, etc.
)
LaTeX Info: Redefining \url on input line 4763.
\XeTeXLinkMargin=\dimen168

(/usr/local/texlive/2025/texmf-dist/tex/generic/bitset/bitset.sty
Package: bitset 2019/12/09 v1.3 Handle bit-vector datatype (HO)

(/usr/local/texlive/2025/texmf-dist/tex/generic/bigintcalc/bigintcalc.sty
Package: bigintcalc 2019/12/15 v1.5 Expandable calculations on big integers (HO
)
))
\Fld@menulength=\count293
\Field@Width=\dimen169
\Fld@charsize=\dimen170
Package hyperref Info: Hyper figures OFF on input line 6042.
Package hyperref Info: Link nesting OFF on input line 6047.
Package hyperref Info: Hyper index ON on input line 6050.
Package hyperref Info: backreferencing OFF on input line 6057.
Package hyperref Info: Link coloring OFF on input line 6062.
Package hyperref Info: Link coloring with OCG OFF on input line 6067.
Package hyperref Info: PDF/A mode OFF on input line 6072.

(/usr/local/texlive/2025/texmf-dist/tex/latex/base/atbegshi-ltx.sty
Package: atbegshi-ltx 2021/01/10 v1.0c Emulation of the original atbegshi
package with kernel methods
)
\Hy@abspage=\count294
\c@Item=\count295
\c@Hfootnote=\count296
)
Package hyperref Info: Driver (autodetected): hpdftex.

(/usr/local/texlive/2025/texmf-dist/tex/latex/hyperref/hpdftex.def
File: hpdftex.def 2024-11-05 v7.01l Hyperref driver for pdfTeX

(/usr/local/texlive/2025/texmf-dist/tex/latex/base/atveryend-ltx.sty
Package: atveryend-ltx 2020/08/19 v1.0a Emulation of the original atveryend pac
kage
with kernel methods
)
\Fld@listcount=\count297
\c@bookmark@seq@number=\count298

(/usr/local/texlive/2025/texmf-dist/tex/latex/rerunfilecheck/rerunfilecheck.sty
Package: rerunfilecheck 2022-07-10 v1.10 Rerun checks for auxiliary files (HO)

(/usr/local/texlive/2025/texmf-dist/tex/generic/uniquecounter/uniquecounter.sty
Package: uniquecounter 2019/12/15 v1.4 Provide unlimited unique counter (HO)
)
Package uniquecounter Info: New unique counter `rerunfilecheck' on input line 2
85.
)
\Hy@SectionHShift=\skip59
) (/usr/local/texlive/2025/texmf-dist/tex/latex/cleveref/cleveref.sty
Package: cleveref 2018/03/27 v0.21.4 Intelligent cross-referencing
Package cleveref Info: `hyperref' support loaded on input line 2370.
LaTeX Info: Redefining \cref on input line 2370.
LaTeX Info: Redefining \Cref on input line 2370.
LaTeX Info: Redefining \crefrange on input line 2370.
LaTeX Info: Redefining \Crefrange on input line 2370.
LaTeX Info: Redefining \cpageref on input line 2370.
LaTeX Info: Redefining \Cpageref on input line 2370.
LaTeX Info: Redefining \cpagerefrange on input line 2370.
LaTeX Info: Redefining \Cpagerefrange on input line 2370.
LaTeX Info: Redefining \labelcref on input line 2370.
LaTeX Info: Redefining \labelcpageref on input line 2370.
Package cleveref Info: `amsthm' support loaded on input line 3026.
)
(/usr/local/texlive/2025/texmf-dist/tex/latex/caption/subcaption.sty
Package: subcaption 2023/07/28 v1.6b Sub-captions (AR)

(/usr/local/texlive/2025/texmf-dist/tex/latex/caption/caption.sty
Package: caption 2023/08/05 v3.6o Customizing captions (AR)

(/usr/local/texlive/2025/texmf-dist/tex/latex/caption/caption3.sty
Package: caption3 2023/07/31 v2.4d caption3 kernel (AR)
\caption@tempdima=\dimen171
\captionmargin=\dimen172
\caption@leftmargin=\dimen173
\caption@rightmargin=\dimen174
\caption@width=\dimen175
\caption@indent=\dimen176
\caption@parindent=\dimen177
\caption@hangindent=\dimen178
Package caption Info: Standard document class detected.
)
\c@caption@flags=\count299
\c@continuedfloat=\count300
Package caption Info: hyperref package is loaded.
)
Package caption Info: New subtype `subfigure' on input line 238.
\c@subfigure=\count301
Package caption Info: New subtype `subtable' on input line 238.
\c@subtable=\count302
)
(/usr/local/texlive/2025/texmf-dist/tex/latex/geometry/geometry.sty
Package: geometry 2020/01/02 v5.9 Page Geometry

(/usr/local/texlive/2025/texmf-dist/tex/generic/iftex/ifvtex.sty
Package: ifvtex 2019/10/25 v1.7 ifvtex legacy package. Use iftex instead.
)
\Gm@cnth=\count303
\Gm@cntv=\count304
\c@Gm@tempcnt=\count305
\Gm@bindingoffset=\dimen179
\Gm@wd@mp=\dimen180
\Gm@odd@mp=\dimen181
\Gm@even@mp=\dimen182
\Gm@layoutwidth=\dimen183
\Gm@layoutheight=\dimen184
\Gm@layouthoffset=\dimen185
\Gm@layoutvoffset=\dimen186
\Gm@dimlist=\toks31
)
(/usr/local/texlive/2025/texmf-dist/tex/latex/algorithms/algorithm.sty
Package: algorithm 2009/08/24 v0.1 Document Style `algorithm' - floating enviro
nment

(/usr/local/texlive/2025/texmf-dist/tex/latex/float/float.sty
Package: float 2001/11/08 v1.3d Float enhancements (AL)
\c@float@type=\count306
\float@exts=\toks32
\float@box=\box54
\@float@everytoks=\toks33
\@floatcapt=\box55
)
(/usr/local/texlive/2025/texmf-dist/tex/latex/base/ifthen.sty
Package: ifthen 2024/03/16 v1.1e Standard LaTeX ifthen package (DPC)
)
\@float@every@algorithm=\toks34
\c@algorithm=\count307
)
(/usr/local/texlive/2025/texmf-dist/tex/latex/algorithmicx/algpseudocode.sty
Package: algpseudocode 

(/usr/local/texlive/2025/texmf-dist/tex/latex/algorithmicx/algorithmicx.sty
Package: algorithmicx 2005/04/27 v1.2 Algorithmicx

Document Style algorithmicx 1.2 - a greatly improved `algorithmic' style
\c@ALG@line=\count308
\c@ALG@rem=\count309
\c@ALG@nested=\count310
\ALG@tlm=\skip60
\ALG@thistlm=\skip61
\c@ALG@Lnr=\count311
\c@ALG@blocknr=\count312
\c@ALG@storecount=\count313
\c@ALG@tmpcounter=\count314
\ALG@tmplength=\skip62
)
Document Style - pseudocode environments for use with the `algorithmicx' style
) (/usr/local/texlive/2025/texmf-dist/tex/latex/natbib/natbib.sty
Package: natbib 2010/09/13 8.31b (PWD, AO)
\bibhang=\skip63
\bibsep=\skip64
LaTeX Info: Redefining \cite on input line 694.
\c@NAT@ctr=\count315
)
(/usr/local/texlive/2025/texmf-dist/tex/latex/l3backend/l3backend-pdftex.def
File: l3backend-pdftex.def 2024-05-08 L3 backend support: PDF output (pdfTeX)
\l__color_backend_stack_int=\count316
\l__pdf_internal_box=\box56
)
(./section.aux

! Package natbib Error: Bibliography not compatible with author-year citations.

(natbib)                Press <return> to continue in numerical citation style.


See the natbib package documentation for explanation.
Type  H <return>  for immediate help.
 ...                                              
                                                  
l.94 ...mand\NAT@force@numbers{}\NAT@force@numbers
                                                  
Check the bibliography entries for non-compliant syntax,
or select author-year BibTeX style, e.g. plainnat

)
\openout1 = `section.aux'.

LaTeX Font Info:    Checking defaults for OML/cmm/m/it on input line 27.
LaTeX Font Info:    ... okay on input line 27.
LaTeX Font Info:    Checking defaults for OMS/cmsy/m/n on input line 27.
LaTeX Font Info:    ... okay on input line 27.
LaTeX Font Info:    Checking defaults for OT1/cmr/m/n on input line 27.
LaTeX Font Info:    ... okay on input line 27.
LaTeX Font Info:    Checking defaults for T1/cmr/m/n on input line 27.
LaTeX Font Info:    ... okay on input line 27.
LaTeX Font Info:    Checking defaults for TS1/cmr/m/n on input line 27.
LaTeX Font Info:    ... okay on input line 27.
LaTeX Font Info:    Checking defaults for OMX/cmex/m/n on input line 27.
LaTeX Font Info:    ... okay on input line 27.
LaTeX Font Info:    Checking defaults for U/cmr/m/n on input line 27.
LaTeX Font Info:    ... okay on input line 27.
LaTeX Font Info:    Checking defaults for PD1/pdf/m/n on input line 27.
LaTeX Font Info:    ... okay on input line 27.
LaTeX Font Info:    Checking defaults for PU/pdf/m/n on input line 27.
LaTeX Font Info:    ... okay on input line 27.
 (/usr/local/texlive/2025/texmf-dist/tex/context/base/mkii/supp-pdf.mkii
[Loading MPS to PDF converter (version 2006.09.02).]
\scratchcounter=\count317
\scratchdimen=\dimen187
\scratchbox=\box57
\nofMPsegments=\count318
\nofMParguments=\count319
\everyMPshowfont=\toks35
\MPscratchCnt=\count320
\MPscratchDim=\dimen188
\MPnumerator=\count321
\makeMPintoPDFobject=\count322
\everyMPtoPDFconversion=\toks36
) (/usr/local/texlive/2025/texmf-dist/tex/latex/epstopdf-pkg/epstopdf-base.sty
Package: epstopdf-base 2020-01-24 v2.11 Base part for package epstopdf
Package epstopdf-base Info: Redefining graphics rule for `.eps' on input line 4
85.

(/usr/local/texlive/2025/texmf-dist/tex/latex/latexconfig/epstopdf-sys.cfg
File: epstopdf-sys.cfg 2010/07/13 v1.3 Configuration of (r)epstopdf for TeX Liv
e
))
Package hyperref Info: Link coloring OFF on input line 27.

(./section.out) (./section.out)
\@outlinefile=\write3
\openout3 = `section.out'.

Package caption Info: Begin \AtBeginDocument code.
Package caption Info: float package is loaded.
Package caption Info: End \AtBeginDocument code.

*geometry* driver: auto-detecting
*geometry* detected driver: pdftex
*geometry* verbose mode - [ preamble ] result:
* driver: pdftex
* paper: a4paper
* layout: <same size as paper>
* layoutoffset:(h,v)=(0.0pt,0.0pt)
* modes: 
* h-part:(L,W,R)=(72.26999pt, 452.9679pt, 72.26999pt)
* v-part:(T,H,B)=(72.26999pt, 700.50687pt, 72.26999pt)
* \paperwidth=597.50787pt
* \paperheight=845.04684pt
* \textwidth=452.9679pt
* \textheight=700.50687pt
* \oddsidemargin=0.0pt
* \evensidemargin=0.0pt
* \topmargin=-37.0pt
* \headheight=12.0pt
* \headsep=25.0pt
* \topskip=11.0pt
* \footskip=30.0pt
* \marginparwidth=50.0pt
* \marginparsep=10.0pt
* \columnsep=10.0pt
* \skip\footins=10.0pt plus 4.0pt minus 2.0pt
* \hoffset=0.0pt
* \voffset=0.0pt
* \mag=1000
* \@twocolumnfalse
* \@twosidefalse
* \@mparswitchfalse
* \@reversemarginfalse
* (1in=72.27pt=25.4mm, 1cm=28.453pt)

LaTeX Font Info:    Trying to load font information for U+msa on input line 30.

(/usr/local/texlive/2025/texmf-dist/tex/latex/amsfonts/umsa.fd
File: umsa.fd 2013/01/14 v3.01 AMS symbols A
)
LaTeX Font Info:    Trying to load font information for U+msb on input line 30.


(/usr/local/texlive/2025/texmf-dist/tex/latex/amsfonts/umsb.fd
File: umsb.fd 2013/01/14 v3.01 AMS symbols B
)

[1

{/usr/local/texlive/2025/texmf-var/fonts/map/pdftex/updmap/pdftex.map}{/usr/loc
al/texlive/2025/texmf-dist/fonts/enc/dvips/cm-super/cm-super-t1.enc}]

[2{/usr/local/texlive/2025/texmf-dist/fonts/enc/dvips/cm-super/cm-super-ts1.enc
}]

Package natbib Warning: Author undefined for citation`sitzmann2020implicit' 
(natbib)                on page 3 on input line 103.



[3]

[4]
Overfull \hbox (11.28096pt too wide) in paragraph at lines 221--222
 []\T1/cmr/bx/n/10.95 MLP vari-ants:[] \T1/cmr/m/n/10.95 Depths $\OML/cmm/m/it/
10.95 L \OMS/cmsy/m/n/10.95 2 f\OT1/cmr/m/n/10.95 2\OML/cmm/m/it/10.95 ; \OT1/c
mr/m/n/10.95 3\OML/cmm/m/it/10.95 ; \OT1/cmr/m/n/10.95 4\OML/cmm/m/it/10.95 ; \
OT1/cmr/m/n/10.95 5\OML/cmm/m/it/10.95 ; \OT1/cmr/m/n/10.95 6\OMS/cmsy/m/n/10.9
5 g$ \T1/cmr/m/n/10.95 lay-ers, hid-den width 5, ac-ti-va-tions $\OMS/cmsy/m/n/
10.95 f[]\OML/cmm/m/it/10.95 ; []; []\OMS/cmsy/m/n/10.95 g$\T1/cmr/m/n/10.95 . 

 []

<../section1/analysis/section1_complete_analysis_20251021_143055/section1_1_ana
lysis/01_comparative_metrics/all_datasets_heatmap_test.png, id=218, 806.5332pt 
x 425.9112pt>
File: ../section1/analysis/section1_complete_analysis_20251021_143055/section1_
1_analysis/01_comparative_metrics/all_datasets_heatmap_test.png Graphic file (t
ype png)
<use ../section1/analysis/section1_complete_analysis_20251021_143055/section1_1
_analysis/01_comparative_metrics/all_datasets_heatmap_test.png>
Package pdftex.def Info: ../section1/analysis/section1_complete_analysis_202510
21_143055/section1_1_analysis/01_comparative_metrics/all_datasets_heatmap_test.
png  used on input line 248.
(pdftex.def)             Requested size: 430.31812pt x 227.24608pt.


[5]
<../section1/analysis/section1_complete_analysis_20251021_143055/section1_1_ana
lysis/01_comparative_metrics/dataset_0_learning_curves_test.png, id=234, 1009.8
528pt x 570.4512pt>
File: ../section1/analysis/section1_complete_analysis_20251021_143055/section1_
1_analysis/01_comparative_metrics/dataset_0_learning_curves_test.png Graphic fi
le (type png)
<use ../section1/analysis/section1_complete_analysis_20251021_143055/section1_1
_analysis/01_comparative_metrics/dataset_0_learning_curves_test.png>
Package pdftex.def Info: ../section1/analysis/section1_complete_analysis_202510
21_143055/section1_1_analysis/01_comparative_metrics/dataset_0_learning_curves_
test.png  used on input line 261.
(pdftex.def)             Requested size: 430.31812pt x 243.07832pt.


LaTeX Warning: File `../section1/analysis/section1_complete_analysis_20251021_1
43055/section1_1_analysis/02_function_fitting/function_fit_dataset_0_Sin_1.png'
 not found on input line 275.


! Package pdftex.def Error: File `../section1/analysis/section1_complete_analys
is_20251021_143055/section1_1_analysis/02_function_fitting/function_fit_dataset
_0_Sin_1.png' not found: using draft setting.

See the pdftex.def package documentation for explanation.
Type  H <return>  for immediate help.
 ...                                              
                                                  
l.275 ...fitting/function_fit_dataset_0_Sin_1.png}
                                                  
Try typing  <return>  to proceed.
If that doesn't work, type  X <return>  to quit.

<../section1/analysis/section1_complete_analysis_20251021_143055/section1_1_ana
lysis/02_function_fitting/function_fit_dataset_5_Piecewise.png, id=236, 1148.61
12pt x 870.3717pt>
File: ../section1/analysis/section1_complete_analysis_20251021_143055/section1_
1_analysis/02_function_fitting/function_fit_dataset_5_Piecewise.png Graphic fil
e (type png)
<use ../section1/analysis/section1_complete_analysis_20251021_143055/section1_1
_analysis/02_function_fitting/function_fit_dataset_5_Piecewise.png>
Package pdftex.def Info: ../section1/analysis/section1_complete_analysis_202510
21_143055/section1_1_analysis/02_function_fitting/function_fit_dataset_5_Piecew
ise.png  used on input line 280.
(pdftex.def)             Requested size: 217.42265pt x 164.74814pt.


[6 <../section1/analysis/section1_complete_analysis_20251021_143055/section1_1_
analysis/01_comparative_metrics/all_datasets_heatmap_test.png>]

[7 <../section1/analysis/section1_complete_analysis_20251021_143055/section1_1_
analysis/01_comparative_metrics/dataset_0_learning_curves_test.png> <../section
1/analysis/section1_complete_analysis_20251021_143055/section1_1_analysis/02_fu
nction_fitting/function_fit_dataset_5_Piecewise.png>]
<../section1/analysis/section1_complete_analysis_20251021_143055/section1_2_ana
lysis/01_comparative_metrics/all_datasets_heatmap_test.png, id=254, 806.5332pt 
x 425.9112pt>
File: ../section1/analysis/section1_complete_analysis_20251021_143055/section1_
2_analysis/01_comparative_metrics/all_datasets_heatmap_test.png Graphic file (t
ype png)
<use ../section1/analysis/section1_complete_analysis_20251021_143055/section1_2
_analysis/01_comparative_metrics/all_datasets_heatmap_test.png>
Package pdftex.def Info: ../section1/analysis/section1_complete_analysis_202510
21_143055/section1_2_analysis/01_comparative_metrics/all_datasets_heatmap_test.
png  used on input line 301.
(pdftex.def)             Requested size: 430.31812pt x 227.24608pt.


LaTeX Warning: File `../section1/analysis/section1_complete_analysis_20251021_1
43055/section1_2_analysis/02_function_fitting/function_fit_dataset_0_1D_Poisson
_Sin.png' not found on input line 315.


! Package pdftex.def Error: File `../section1/analysis/section1_complete_analys
is_20251021_143055/section1_2_analysis/02_function_fitting/function_fit_dataset
_0_1D_Poisson_Sin.png' not found: using draft setting.

See the pdftex.def package documentation for explanation.
Type  H <return>  for immediate help.
 ...                                              
                                                  
l.315 ...unction_fit_dataset_0_1D_Poisson_Sin.png}
                                                  
Try typing  <return>  to proceed.
If that doesn't work, type  X <return>  to quit.


LaTeX Warning: File `../section1/analysis/section1_complete_analysis_20251021_1
43055/section1_2_analysis/02_function_fitting/function_fit_dataset_2_1D_Poisson
_High-freq.png' not found on input line 320.


! Package pdftex.def Error: File `../section1/analysis/section1_complete_analys
is_20251021_143055/section1_2_analysis/02_function_fitting/function_fit_dataset
_2_1D_Poisson_High-freq.png' not found: using draft setting.

See the pdftex.def package documentation for explanation.
Type  H <return>  for immediate help.
 ...                                              
                                                  
l.320 ...n_fit_dataset_2_1D_Poisson_High-freq.png}
                                                  
Try typing  <return>  to proceed.
If that doesn't work, type  X <return>  to quit.

<../section1/analysis/section1_complete_analysis_20251021_143055/section1_3_ana
lysis/01_comparative_metrics/all_datasets_heatmap_test.png, id=257, 806.5332pt 
x 425.9112pt>
File: ../section1/analysis/section1_complete_analysis_20251021_143055/section1_
3_analysis/01_comparative_metrics/all_datasets_heatmap_test.png Graphic file (t
ype png)
<use ../section1/analysis/section1_complete_analysis_20251021_143055/section1_3
_analysis/01_comparative_metrics/all_datasets_heatmap_test.png>
Package pdftex.def Info: ../section1/analysis/section1_complete_analysis_202510
21_143055/section1_3_analysis/01_comparative_metrics/all_datasets_heatmap_test.
png  used on input line 337.
(pdftex.def)             Requested size: 430.31812pt x 227.24608pt.
<../section1/analysis/section1_complete_analysis_20251021_143055/section1_3_ana
lysis/03_heatmap_analysis/cross_section_0_2D Sin (π²).png, id=259, 1293.1512p
t x 711.3777pt>
File: ../section1/analysis/section1_complete_analysis_20251021_143055/section1_
3_analysis/03_heatmap_analysis/cross_section_0_2D Sin (π²).png Graphic file (
type png)
<use ../section1/analysis/section1_complete_analysis_20251021_143055/section1_3
_analysis/03_heatmap_analysis/cross_section_0_2D Sin (π²).png>
Package pdftex.def Info: ../section1/analysis/section1_complete_analysis_202510
21_143055/section1_3_analysis/03_heatmap_analysis/cross_section_0_2D Sin (π²)
.png  used on input line 350.
(pdftex.def)             Requested size: 430.31812pt x 236.72006pt.

Overfull \hbox (4.94014pt too wide) in paragraph at lines 355--356
[]\T1/cmr/bx/n/10.95 [PLACEHOLDER: De-scribe cross-sectional be-hav-ior. Are er
-rors con-sis-tent across
 []



[8 <../section1/analysis/section1_complete_analysis_20251021_143055/section1_2_
analysis/01_comparative_metrics/all_datasets_heatmap_test.png>]

[9 <../section1/analysis/section1_complete_analysis_20251021_143055/section1_3_
analysis/01_comparative_metrics/all_datasets_heatmap_test.png>]
<../section1/analysis/section1_complete_analysis_20251021_143055/section1_3_ana
lysis/02_function_fitting/function_fit_dataset_0_2D_Sin_(π²).png, id=275, 111
9.9441pt x 785.0931pt>
File: ../section1/analysis/section1_complete_analysis_20251021_143055/section1_
3_analysis/02_function_fitting/function_fit_dataset_0_2D_Sin_(π²).png Graphic
 file (type png)
<use ../section1/analysis/section1_complete_analysis_20251021_143055/section1_3
_analysis/02_function_fitting/function_fit_dataset_0_2D_Sin_(π²).png>
Package pdftex.def Info: ../section1/analysis/section1_complete_analysis_202510
21_143055/section1_3_analysis/02_function_fitting/function_fit_dataset_0_2D_Sin
_(π²).png  used on input line 364.
(pdftex.def)             Requested size: 217.42265pt x 152.4157pt.
<../section1/analysis/section1_complete_analysis_20251021_143055/section1_3_ana
lysis/02_function_fitting/function_fit_dataset_2_2D_High-freq.png, id=276, 1119
.9441pt x 785.0931pt>
File: ../section1/analysis/section1_complete_analysis_20251021_143055/section1_
3_analysis/02_function_fitting/function_fit_dataset_2_2D_High-freq.png Graphic 
file (type png)
<use ../section1/analysis/section1_complete_analysis_20251021_143055/section1_3
_analysis/02_function_fitting/function_fit_dataset_2_2D_High-freq.png>
Package pdftex.def Info: ../section1/analysis/section1_complete_analysis_202510
21_143055/section1_3_analysis/02_function_fitting/function_fit_dataset_2_2D_Hig
h-freq.png  used on input line 369.
(pdftex.def)             Requested size: 217.42265pt x 152.4157pt.
<../section1/analysis/section1_complete_analysis_20251021_143055/section1_3_ana
lysis/03_heatmap_analysis/cross_section_2_2D High-freq.png, id=278, 1293.1512pt
 x 711.3777pt>
File: ../section1/analysis/section1_complete_analysis_20251021_143055/section1_
3_analysis/03_heatmap_analysis/cross_section_2_2D High-freq.png Graphic file (t
ype png)
<use ../section1/analysis/section1_complete_analysis_20251021_143055/section1_3
_analysis/03_heatmap_analysis/cross_section_2_2D High-freq.png>
Package pdftex.def Info: ../section1/analysis/section1_complete_analysis_202510
21_143055/section1_3_analysis/03_heatmap_analysis/cross_section_2_2D High-freq.
png  used on input line 384.
(pdftex.def)             Requested size: 430.31812pt x 236.72006pt.


[10 <../section1/analysis/section1_complete_analysis_20251021_143055/section1_3
_analysis/03_heatmap_analysis/cross_section_0_2D Sin (π²).png> <../section1/a
nalysis/section1_complete_analysis_20251021_143055/section1_3_analysis/02_funct
ion_fitting/function_fit_dataset_0_2D_Sin_(π²).png> <../section1/analysis/sec
tion1_complete_analysis_20251021_143055/section1_3_analysis/02_function_fitting
/function_fit_dataset_2_2D_High-freq.png>]
Overfull \hbox (21.3296pt too wide) in paragraph at lines 399--414
 [][] 
 []



[11 <../section1/analysis/section1_complete_analysis_20251021_143055/section1_3
_analysis/03_heatmap_analysis/cross_section_2_2D High-freq.png>]
No file section.bbl.


[12]

[13] (./section.aux)
 ***********
LaTeX2e <2024-11-01> patch level 2
L3 programming layer <2025-01-18>
 ***********
Package rerunfilecheck Info: File `section.out' has not changed.
(rerunfilecheck)             Checksum: C140E1269B8710AC37206BB081077892;6190.
 ) 
Here is how much of TeX's memory you used:
 14997 strings out of 473190
 266318 string characters out of 5715800
 640007 words of memory out of 5000000
 37968 multiletter control sequences out of 15000+600000
 578401 words of font info for 88 fonts, out of 8000000 for 9000
 1141 hyphenation exceptions out of 8191
 75i,16n,79p,1643b,592s stack positions out of 10000i,1000n,20000p,200000b,200000s
</usr/local/texlive/2025/texmf-dist/fonts/type1/public/amsfonts/cm/cmbx10.pfb
></usr/local/texlive/2025/texmf-dist/fonts/type1/public/amsfonts/cm/cmex10.pfb>
</usr/local/texlive/2025/texmf-dist/fonts/type1/public/amsfonts/cm/cmmi10.pfb><
/usr/local/texlive/2025/texmf-dist/fonts/type1/public/amsfonts/cm/cmmi6.pfb></u
sr/local/texlive/2025/texmf-dist/fonts/type1/public/amsfonts/cm/cmmi8.pfb></usr
/local/texlive/2025/texmf-dist/fonts/type1/public/amsfonts/cm/cmr10.pfb></usr/l
ocal/texlive/2025/texmf-dist/fonts/type1/public/amsfonts/cm/cmr6.pfb></usr/loca
l/texlive/2025/texmf-dist/fonts/type1/public/amsfonts/cm/cmr8.pfb></usr/local/t
exlive/2025/texmf-dist/fonts/type1/public/amsfonts/cm/cmsy10.pfb></usr/local/te
xlive/2025/texmf-dist/fonts/type1/public/amsfonts/cm/cmsy6.pfb></usr/local/texl
ive/2025/texmf-dist/fonts/type1/public/amsfonts/cm/cmsy8.pfb></usr/local/texliv
e/2025/texmf-dist/fonts/type1/public/amsfonts/symbols/msbm10.pfb></usr/local/te
xlive/2025/texmf-dist/fonts/type1/public/cm-super/sfbx1000.pfb></usr/local/texl
ive/2025/texmf-dist/fonts/type1/public/cm-super/sfbx1095.pfb></usr/local/texliv
e/2025/texmf-dist/fonts/type1/public/cm-super/sfbx1200.pfb></usr/local/texlive/
2025/texmf-dist/fonts/type1/public/cm-super/sfbx1440.pfb></usr/local/texlive/20
25/texmf-dist/fonts/type1/public/cm-super/sfrm0600.pfb></usr/local/texlive/2025
/texmf-dist/fonts/type1/public/cm-super/sfrm0800.pfb></usr/local/texlive/2025/t
exmf-dist/fonts/type1/public/cm-super/sfrm1000.pfb></usr/local/texlive/2025/tex
mf-dist/fonts/type1/public/cm-super/sfrm1095.pfb></usr/local/texlive/2025/texmf
-dist/fonts/type1/public/cm-super/sfrm1200.pfb></usr/local/texlive/2025/texmf-d
ist/fonts/type1/public/cm-super/sfrm1728.pfb></usr/local/texlive/2025/texmf-dis
t/fonts/type1/public/cm-super/sfti1095.pfb></usr/local/texlive/2025/texmf-dist/
fonts/type1/public/cm-super/sftt1095.pfb>
Output written on section.pdf (13 pages, 3712103 bytes).
PDF statistics:
 438 PDF objects out of 1000 (max. 8388607)
 352 compressed objects within 4 object streams
 101 named destinations out of 1000 (max. 500000)
 310 words of extra memory for PDF output out of 10000 (max. 10000000)

